[Wed Dec 18 12:04:33.876 2013] 0.183 sec [any/0/rel 11295 (0,100)] [*] 陈海勇
[Wed Dec 18 12:04:55.211 2013] 0.015 sec [any/0/rel 11295 (0,100)] [*] 陈海勇
[Wed Dec 18 12:05:10.506 2013] 0.015 sec [any/0/rel 11295 (0,100)] [*] 陈海勇
[Wed Dec 18 12:06:23.263 2013] 0.015 sec [any/0/rel 11295 (0,100)] [*] 陈海勇
[Wed Dec 18 12:06:56.414 2013] 0.016 sec [any/0/rel 11295 (0,100)] [*] 陈海勇
[Wed Dec 18 12:08:09.464 2013] 0.637 sec [any/0/rel 37879 (0,100)] [*] 新浪博客
[Wed Dec 18 12:09:22.531 2013] 0.365 sec [any/0/rel 37879 (0,100)] [*] 新浪博客
[Wed Dec 18 12:10:15.199 2013] 0.372 sec [any/0/rel 37879 (0,100)] [*] 新浪博客
[Wed Dec 18 12:10:43.374 2013] 0.377 sec [any/0/rel 37879 (0,100)] [*] 新浪博客
[Wed Dec 18 12:11:34.539 2013] 0.366 sec [any/0/rel 37879 (0,100)] [*] 新浪博客
[Wed Dec 18 12:13:23.188 2013] 0.371 sec [any/0/rel 37879 (0,100)] [*] 新浪博客
[Wed Dec 18 12:14:21.622 2013] 0.387 sec [any/0/rel 37879 (0,100)] [*] 新浪博客
[Wed Dec 18 12:16:58.165 2013] 0.373 sec [any/0/rel 37879 (0,100)] [*] 新浪博客
[Wed Dec 18 12:20:48.740 2013] 0.370 sec [any/0/rel 37879 (0,100)] [*] 新浪博客
[Wed Dec 18 12:21:06.836 2013] 0.375 sec [any/0/rel 37879 (0,100)] [*] 新浪博客
[Wed Dec 18 12:21:40.489 2013] 0.362 sec [any/0/rel 37879 (0,100)] [*] 新浪博客
[Wed Dec 18 12:21:54.738 2013] 0.368 sec [any/0/rel 37879 (0,100)] [*] 新浪博客
[Wed Dec 18 12:22:10.839 2013] 0.378 sec [any/0/rel 37879 (0,100)] [*] 新浪博客
[Wed Dec 18 12:22:31.428 2013] 0.368 sec [any/0/rel 37879 (0,1000)] [*] 新浪博客
[Wed Dec 18 12:23:42.772 2013] 0.366 sec [any/0/rel 37879 (0,1000)] [*] 新浪博客
[Wed Dec 18 12:24:06.370 2013] 0.361 sec [any/0/rel 37879 (0,1000)] [*] 新浪博客
[Wed Dec 18 12:24:34.839 2013] 0.423 sec [any/0/rel 37879 (0,1000)] [*] 新浪博客
[Wed Dec 18 12:25:13.808 2013] 0.210 sec [phr/0/rel 37757 (0,100)] [*] 新浪博客
[Wed Dec 18 12:26:50.182 2013] 0.199 sec [phr/0/rel 37757 (0,1000)] [*] 新浪博客
[Wed Dec 18 12:27:18.576 2013] 0.241 sec [phr/0/rel 37882 (0,1000)] [*] blog.sina.com.cn
[Wed Dec 18 12:29:07.194 2013] 0.147 sec [phr/0/rel 37882 (0,1000)] [*] http://blog.sina.com.cn
[Wed Dec 18 12:29:36.338 2013] 0.098 sec [phr/0/rel 37882 (0,1000)] [*] http://blog.sina.com.cn
[Wed Dec 18 12:31:56.864 2013] 0.385 sec [any/0/rel 37879 (0,1000)] [*] 新浪博客
[Wed Dec 18 12:32:25.787 2013] 0.355 sec [any/0/rel 37879 (0,1000)] [*] 新浪博客
[Wed Dec 18 12:33:26.500 2013] 0.365 sec [any/0/rel 37879 (0,1000)] [*] 新浪博客
[Wed Dec 18 12:34:08.528 2013] 0.114 sec [any/0/rel 9048 (0,1000)] [*] 人妖站街拉客
[Wed Dec 18 12:35:54.580 2013] 0.012 sec [any/0/rel 9048 (0,1000)] [*] 人妖站街拉客
[Wed Dec 18 12:36:54.214 2013] 0.056 sec [any/0/rel 4826 (0,1000)] [*] 裸聊
[Wed Dec 18 12:37:42.370 2013] 0.836 sec [any/0/rel 37491 (0,1000)] [*] 男友进门时我正在与网友裸聊
[Wed Dec 18 12:38:41.965 2013] 0.012 sec [bool/0/rel 91 (0,1000)] [*] 美女 & 裸聊
[Wed Dec 18 12:39:54.772 2013] 0.066 sec [bool/0/rel 477 (0,1000)] [*] 张鹏飞
[Wed Dec 18 12:43:26.866 2013] 0.062 sec [ext2/0/rel 477 (0,1000)] [*] 张鹏飞
[Wed Dec 18 12:44:23.672 2013] 0.107 sec [ext2/0/rel 32 (0,1000)] [*] 北京邮电大学
[Wed Dec 18 12:45:19.436 2013] 0.021 sec [ext2/0/rel 32327 (0,1000)] [*] HTML
[Wed Dec 18 12:51:02.472 2013] 0.198 sec [ext2/0/rel 37841 (0,1000)] [*] 新浪博客
[Wed Dec 18 13:10:33.621 2013] 0.211 sec [ext2/0/rel 37841 (0,1000)] [*] 新浪博客
[Wed Dec 18 13:43:08.839 2013] 0.239 sec [ext2/0/rel 37841 (0,1000)] [*] ”新浪博客“
[Wed Dec 18 13:44:09.106 2013] 0.212 sec [ext2/0/rel 37841 (0,1000)] [*] ”新浪博客“
[Wed Dec 18 13:46:29.185 2013] 0.016 sec [ext2/0/rel 1393 (0,1000)] [*] 苹果
[Wed Dec 18 16:46:39.452 2013] 0.002 sec [ext2/0/rel 1393 (0,1000)] [*] 苹果
[Wed Dec 18 17:42:41.896 2013] 0.270 sec [ext2/0/rel 126 (0,1000)] [*] 苹果
[Wed Dec 18 17:42:59.500 2013] 0.001 sec [ext2/0/rel 126 (0,1000)] [*] 苹果
[Wed Dec 18 17:44:05.734 2013] 0.000 sec [ext2/0/rel 126 (0,1000)] [*] 苹果
[Wed Dec 18 17:46:43.989 2013] 0.001 sec [ext2/0/rel 126 (0,1000)] [*] 苹果
[Wed Dec 18 17:50:32.341 2013] 0.001 sec [ext2/0/rel 126 (0,1000)] [*] 苹果
[Wed Dec 18 17:51:16.947 2013] 0.000 sec [ext2/0/rel 126 (0,1000)] [*] 苹果
[Wed Dec 18 17:52:07.211 2013] 0.001 sec [ext2/0/rel 126 (0,1000)] [*] 苹果
[Wed Dec 18 17:54:24.984 2013] 0.001 sec [ext2/0/rel 126 (0,1000)] [*] 苹果
[Wed Dec 18 17:56:03.143 2013] 0.001 sec [ext2/0/rel 126 (0,1000)] [*] 苹果
[Wed Dec 18 17:56:47.452 2013] 0.001 sec [ext2/0/rel 126 (0,1000)] [*] 苹果
[Wed Dec 18 17:57:26.344 2013] 0.000 sec [ext2/0/rel 126 (0,1000)] [*] 苹果
[Wed Dec 18 17:57:43.464 2013] 0.000 sec [ext2/0/rel 126 (0,1000)] [*] 苹果
[Wed Dec 18 17:58:29.734 2013] 0.000 sec [ext2/0/rel 126 (0,1000)] [*] 苹果
[Wed Dec 18 17:59:55.431 2013] 0.001 sec [ext2/0/rel 126 (0,100)] [*] 苹果
[Wed Dec 18 18:00:02.527 2013] 0.000 sec [ext2/0/rel 126 (0,100)] [*] 苹果
[Wed Dec 18 18:00:11.270 2013] 0.002 sec [ext2/0/rel 40 (0,100)] [*] 陈海勇
[Wed Dec 18 18:01:00.530 2013] 0.001 sec [ext2/0/rel 40 (0,100)] [*] 陈海勇
[Wed Dec 18 18:01:08.634 2013] 0.001 sec [ext2/0/rel 40 (0,10)] [*] 陈海勇
[Wed Dec 18 18:01:10.579 2013] 0.001 sec [ext2/0/rel 40 (0,10)] [*] 陈海勇
[Wed Dec 18 18:01:12.439 2013] 0.001 sec [ext2/0/rel 40 (0,10)] [*] 陈海勇
[Wed Dec 18 18:01:15.689 2013] 0.001 sec [ext2/0/rel 40 (0,10)] [*] 陈海勇
[Wed Dec 18 18:01:48.515 2013] 0.002 sec [ext2/0/rel 40 (0,10)] [*] 陈海勇
[Wed Dec 18 18:03:03.522 2013] 0.001 sec [ext2/0/rel 40 (0,1000)] [*] 陈海勇
[Wed Dec 18 18:03:05.986 2013] 0.001 sec [ext2/0/rel 40 (0,1000)] [*] 陈海勇
[Wed Dec 18 18:03:09.938 2013] 0.001 sec [ext2/0/rel 40 (0,1000)] [*] 陈海勇
[Wed Dec 18 18:03:14.467 2013] 0.002 sec [ext2/0/rel 40 (0,1000)] [*] 陈海勇
[Wed Dec 18 18:06:12.003 2013] 0.005 sec [ext2/0/rel 2 (0,1000)] [*] 2013第九届好莱坞中美国际电影节
[Wed Dec 18 18:06:44.694 2013] 0.000 sec [ext2/0/rel 24 (0,1000)] [*] 电影节
[Wed Dec 18 18:09:15.351 2013] 0.001 sec [ext2/0/rel 24 (0,1000)] [*] 电影节
[Wed Dec 18 18:10:30.628 2013] 0.002 sec [ext2/0/rel 129 (0,1000)] [*] 黄小波
[Wed Dec 18 18:11:08.578 2013] 0.001 sec [ext2/0/rel 74 (0,1000)] [*] 黄晓波
[Wed Dec 18 18:11:15.485 2013] 0.001 sec [ext2/0/rel 74 (0,1000)] [*] 黄晓波
[Wed Dec 18 18:23:48.698 2013] 0.001 sec [ext2/0/rel 74 (0,1000)] [*] 黄晓波
[Wed Dec 18 18:24:57.026 2013] 0.001 sec [ext2/0/rel 74 (0,1000)] [*] 黄晓波
[Wed Dec 18 18:25:30.932 2013] 0.001 sec [ext2/0/rel 74 (0,1000)] [*] 黄晓波
[Wed Dec 18 18:28:06.330 2013] 0.002 sec [ext2/0/rel 74 (0,1000)] [*] 黄晓波
[Wed Dec 18 18:33:36.869 2013] 0.001 sec [ext2/0/rel 74 (0,1000)] [*] 黄晓波
[Wed Dec 18 18:33:56.651 2013] 0.002 sec [ext2/0/rel 74 (0,1000)] [*] 黄晓波
[Wed Dec 18 18:34:36.583 2013] 0.001 sec [ext2/0/rel 74 (0,1000)] [*] 黄晓波
[Wed Dec 18 18:35:10.611 2013] 0.002 sec [ext2/0/rel 74 (0,1000)] [*] 黄晓波
[Wed Dec 18 18:36:08.461 2013] 0.002 sec [ext2/0/rel 74 (0,1000)] [*] 黄晓波
[Wed Dec 18 18:38:01.294 2013] 0.001 sec [ext2/0/rel 74 (0,1000)] [*] 黄晓波
[Wed Dec 18 18:38:50.693 2013] 0.001 sec [ext2/0/rel 74 (0,1000)] [*] 黄&晓&波
[Wed Dec 18 18:39:17.800 2013] 0.125 sec [ext2/0/rel 1 (0,1000)] [*] BOSSTOWN_新浪博客
[Wed Dec 18 18:43:05.724 2013] 1.898 sec [ext2/0/rel 4610 (0,1000)] [*] 新浪博客
[Wed Dec 18 18:44:30.442 2013] 0.031 sec [ext2/0/rel 4610 (0,1000)] [*] 新浪博客
[Wed Dec 18 18:47:55.526 2013] 0.025 sec [ext2/0/rel 4610 (0,1000)] [*] 新浪博客
[Wed Dec 18 18:52:27.821 2013] 0.026 sec [ext2/0/rel 4610 (0,1000)] [*] 新浪博客
[Wed Dec 18 18:53:18.901 2013] 0.026 sec [ext2/0/rel 4610 (0,1000)] [*] 新浪博客
[Wed Dec 18 22:06:42.483 2013] 0.117 sec [ext2/0/rel 1629 (0,1000)] [*] 北京
[Wed Dec 18 22:07:26.043 2013] 0.001 sec [ext2/0/rel 1629 (0,1000)] [*] 北京
[Wed Dec 18 22:08:26.202 2013] 0.001 sec [ext2/0/rel 1629 (0,1000)] [*] 北京
[Wed Dec 18 22:11:52.988 2013] 0.001 sec [ext2/0/rel 1629 (0,1000)] [*] 北京
[Wed Dec 18 22:14:09.521 2013] 0.001 sec [ext2/0/rel 1629 (0,1000)] [*] 北京
[Wed Dec 18 22:15:25.961 2013] 0.001 sec [ext2/0/rel 1629 (0,1000)] [*] 北京
[Wed Dec 18 22:17:17.421 2013] 0.001 sec [ext2/0/rel 1629 (0,1000)] [*] 北京
[Wed Dec 18 22:19:07.181 2013] 0.001 sec [ext2/0/rel 1629 (0,1000)] [*] 北京
[Wed Dec 18 22:20:39.836 2013] 0.001 sec [ext2/0/rel 1629 (0,1000)] [*] 北京
[Wed Dec 18 22:23:42.749 2013] 0.001 sec [ext2/0/rel 1629 (0,1000)] [*] 北京
[Wed Dec 18 22:25:26.627 2013] 0.001 sec [ext2/0/rel 1629 (0,1000)] [*] 北京
[Wed Dec 18 22:26:00.984 2013] 0.001 sec [ext2/0/rel 1629 (0,1000)] [*] 北京
[Wed Dec 18 22:26:26.818 2013] 0.001 sec [ext2/0/rel 1629 (0,1000)] [*] 北京
[Wed Dec 18 22:27:26.318 2013] 0.001 sec [ext2/0/rel 1629 (0,1000)] [*] 北京
[Wed Dec 18 22:27:47.126 2013] 0.001 sec [ext2/0/rel 1629 (0,1000)] [*] 北京
[Wed Dec 18 22:28:02.158 2013] 0.002 sec [ext2/0/rel 1629 (0,1000)] [*] 北京
[Wed Dec 18 22:29:27.436 2013] 0.001 sec [ext2/0/rel 1629 (0,1000)] [*] 北京
[Wed Dec 18 22:29:56.257 2013] 0.001 sec [ext2/0/rel 1629 (0,1000)] [*] 北京
[Wed Dec 18 22:31:10.587 2013] 0.001 sec [ext2/0/rel 1629 (0,1000)] [*] 北京
[Wed Dec 18 22:32:24.199 2013] 0.001 sec [ext2/0/rel 1629 (0,1000)] [*] 北京
[Wed Dec 18 22:32:41.388 2013] 0.001 sec [ext2/0/rel 1629 (0,1000)] [*] 北京
[Wed Dec 18 22:34:03.775 2013] 0.001 sec [ext2/0/rel 1629 (0,1000)] [*] 北京
[Wed Dec 18 22:34:47.585 2013] 0.001 sec [ext2/0/rel 1629 (0,1000)] [*] 北京
[Wed Dec 18 22:37:08.840 2013] 0.001 sec [ext2/0/rel 1629 (0,1000)] [*] 北京
[Wed Dec 18 22:38:20.802 2013] 0.001 sec [ext2/0/rel 1629 (0,1000)] [*] 北京
[Wed Dec 18 22:38:38.457 2013] 0.001 sec [ext2/0/rel 1629 (0,1000)] [*] 北京
[Wed Dec 18 22:39:03.251 2013] 0.001 sec [ext2/0/rel 1629 (0,1000)] [*] 北京
[Wed Dec 18 22:39:29.502 2013] 0.001 sec [ext2/0/rel 1629 (0,1000)] [*] 北京
[Wed Dec 18 22:40:19.689 2013] 0.002 sec [ext2/0/rel 1629 (0,1000)] [*] 北京
[Wed Dec 18 22:40:28.678 2013] 0.002 sec [ext2/0/rel 1629 (0,1000)] [*] 北京
[Wed Dec 18 22:41:09.345 2013] 0.001 sec [ext2/0/rel 1629 (0,1000)] [*] 北京
[Wed Dec 18 22:41:27.361 2013] 0.001 sec [ext2/0/rel 1629 (0,1000)] [*] 北京
[Wed Dec 18 22:42:15.775 2013] 0.002 sec [ext2/0/rel 1629 (0,1000)] [*] 北京
[Wed Dec 18 22:43:04.027 2013] 0.001 sec [ext2/0/rel 1629 (0,1000)] [*] 北京
[Wed Dec 18 22:43:19.083 2013] 0.001 sec [ext2/0/rel 1629 (0,1000)] [*] 北京
[Wed Dec 18 22:43:32.601 2013] 0.001 sec [ext2/0/rel 1629 (0,1000)] [*] 北京
[Wed Dec 18 22:44:00.722 2013] 0.002 sec [ext2/0/rel 1629 (0,1000)] [*] 北京
[Wed Dec 18 22:44:35.107 2013] 0.001 sec [ext2/0/rel 1629 (0,1000)] [*] 北京
[Wed Dec 18 22:44:58.224 2013] 0.001 sec [ext2/0/rel 1629 (0,1000)] [*] 北京
[Wed Dec 18 22:45:43.667 2013] 0.001 sec [ext2/0/rel 1629 (0,1000)] [*] 北京
[Wed Dec 18 22:47:28.577 2013] 0.002 sec [ext2/0/rel 1629 (0,1000)] [*] 北京
[Wed Dec 18 22:48:28.629 2013] 0.001 sec [ext2/0/rel 1629 (0,1000)] [*] 北京
[Wed Dec 18 22:48:43.799 2013] 0.001 sec [ext2/0/rel 1629 (0,1000)] [*] 北京
[Wed Dec 18 22:48:53.954 2013] 0.001 sec [ext2/0/rel 1629 (0,1000)] [*] 北京
[Wed Dec 18 22:49:35.340 2013] 0.001 sec [ext2/0/rel 1629 (0,1000)] [*] 北京
[Wed Dec 18 22:50:17.408 2013] 0.001 sec [ext2/0/rel 1629 (0,1000)] [*] 北京
[Wed Dec 18 22:50:26.800 2013] 0.001 sec [ext2/0/rel 1629 (0,1000)] [*] 北京
[Wed Dec 18 22:51:02.075 2013] 0.002 sec [ext2/0/rel 1629 (0,1000)] [*] 北京
[Wed Dec 18 22:52:03.638 2013] 0.001 sec [ext2/0/rel 1629 (0,1000)] [*] 北京
[Wed Dec 18 22:53:39.191 2013] 0.001 sec [ext2/0/rel 1629 (0,1000)] [*] 北京
[Wed Dec 18 22:54:13.929 2013] 0.001 sec [ext2/0/rel 1629 (0,1000)] [*] 北京
[Wed Dec 18 22:54:34.565 2013] 0.001 sec [ext2/0/rel 1629 (0,1000)] [*] 北京
[Wed Dec 18 22:56:34.295 2013] 0.002 sec [ext2/0/rel 1629 (0,1000)] [*] 北京
[Thu Dec 19 13:03:30.652 2013] 0.146 sec [ext2/0/ext 47 (0,1000)] [*] 通信
[Thu Dec 19 13:07:57.140 2013] 0.000 sec [ext2/0/ext 47 (0,1000)] [*] 通信
[Thu Dec 19 13:08:49.054 2013] 0.001 sec [ext2/0/ext 47 (0,1000)] [*] 通信
[Thu Dec 19 13:09:40.966 2013] 0.021 sec [ext2/0/ext 10 (0,1000)] [*] word
[Thu Dec 19 13:25:08.295 2013] 0.073 sec [ext2/0/ext 4611 (0,1000)] [*] 新浪
[Thu Dec 19 13:34:31.318 2013] 0.042 sec [ext2/0/ext 17649 (0,1000)] [*] 新浪
[Thu Dec 19 13:35:40.701 2013] 0.034 sec [ext2/0/ext 17649 (0,1000)] [*] 新浪
[Thu Dec 19 13:36:52.995 2013] 0.036 sec [ext2/0/ext 17649 (0,1000)] [*] 新浪
[Thu Dec 19 13:37:39.881 2013] 0.035 sec [ext2/0/ext 17649 (0,1000)] [*] 新浪
[Thu Dec 19 13:38:18.702 2013] 0.034 sec [ext2/0/ext 17649 (0,1000)] [*] 新浪
[Thu Dec 19 13:39:49.792 2013] 0.034 sec [ext2/0/rel 17649 (0,1000)] [*] 新浪
[Thu Dec 19 13:41:21.654 2013] 0.038 sec [ext2/0/rel 17649 (0,1000)] [*] 新浪
[Thu Dec 19 13:42:47.231 2013] 0.035 sec [ext2/0/rel 17649 (0,1000)] [*] 新浪
[Thu Dec 19 13:43:11.908 2013] 0.035 sec [ext2/0/rel 17649 (0,1000)] [*] 新浪
[Thu Dec 19 13:43:41.479 2013] 0.035 sec [ext2/0/rel 17649 (0,1000)] [*] 新浪
[Thu Dec 19 13:46:32.147 2013] 0.007 sec [ext2/0/rel 53 (0,1000)] [*] @title 新浪 @description 体育
[Thu Dec 19 13:47:29.255 2013] 0.035 sec [ext2/0/rel 16540 (0,1000)] [*] 新浪 -体育
[Thu Dec 19 13:47:50.561 2013] 0.009 sec [ext2/0/rel 1 (0,1000)] [*] 新浪 -博客
[Thu Dec 19 13:48:52.261 2013] 0.001 sec [ext2/0/rel 1 (0,1000)] [*] "hello world"~10
[Thu Dec 19 13:49:17.197 2013] 0.121 sec [ext2/0/rel 3908 (0,1000)] [*] "新浪 微博"~10
[Thu Dec 19 13:49:42.908 2013] 0.003 sec [ext2/0/rel 8020 (0,1000)] [*] 北京
[Thu Dec 19 13:50:37.489 2013] 0.002 sec [ext2/0/rel 3 (0,1000)] [*] @title 北京&交通
[Thu Dec 19 13:51:03.327 2013] 0.002 sec [ext2/0/rel 23 (0,1000)] [*] @description 北京&交通
[Thu Dec 19 13:52:12.158 2013] 0.002 sec [ext2/0/rel 28 (0,1000)] [*] "the world is a wonderful place"/3
[Thu Dec 19 13:52:40.781 2013] 0.161 sec [ext2/0/rel 17657 (0,1000)] [*] "新浪 北京 微博"/3
[Thu Dec 19 13:53:36.254 2013] 0.019 sec [ext2/0/rel 364 (0,1000)] [*] 新浪 << 北京 << 体育
[Thu Dec 19 13:54:26.221 2013] 0.133 sec [ext2/0/rel 17615 (0,1000)] [*] 博客 << 新浪
[Thu Dec 19 13:54:59.781 2013] 0.000 sec [ext2/0/rel 0 (0,1000)] [*] raining =cats and =dogs
[Thu Dec 19 13:55:10.379 2013] 0.003 sec [ext2/0/rel 0 (0,1000)] [*] 新浪 =cats and =dogs
[Thu Dec 19 13:55:23.707 2013] 0.014 sec [ext2/0/rel 86 (0,1000)] [*] 新浪 =博客 and =微博
[Thu Dec 19 13:56:14.775 2013] 0.028 sec [ext2/0/rel 100 (0,1000)] [*] ^新浪 博客$
[Thu Dec 19 13:58:02.848 2013] 0.095 sec [ext2/0/rel 17647 (0,1000)] [*] "新浪 博客"/10
[Thu Dec 19 13:59:49.728 2013] 0.002 sec [ext2/0/rel 1 (0,1000)] [*] 北邮 | 北京邮电大学
[Thu Dec 19 14:00:06.314 2013] 0.002 sec [ext2/0/rel 1 (0,1000)] [*] ”北邮“ | ”北京邮电大学“
[Thu Dec 19 14:27:46.817 2013] 0.002 sec [ext2/0/expr 244 (0,1000)] [*] 黄晓波
[Thu Dec 19 14:29:52.523 2013] 0.002 sec [ext2/0/rel 244 (0,1000)] [*] 黄晓波
[Thu Dec 19 15:36:35.860 2013] 0.008 sec [ext2/0/expr 249 (0,1000)] [*] 黄晓波
[Thu Dec 19 15:41:07.201 2013] 0.003 sec [ext2/0/expr 249 (0,1000)] [*] 黄晓波
[Thu Dec 19 15:42:13.614 2013] 0.003 sec [ext2/0/expr 249 (0,1000)] [*] 黄晓波
[Thu Dec 19 15:44:38.355 2013] 0.005 sec [ext2/0/expr 249 (0,1000)] [*] 黄&晓&波
[Thu Dec 19 15:46:28.629 2013] 0.003 sec [all/0/expr 249 (0,1000)] [*] 黄晓波
[Thu Dec 19 15:48:18.418 2013] 0.003 sec [bool/0/expr 249 (0,1000)] [*] 黄晓波
[Thu Dec 19 15:49:13.599 2013] 0.004 sec [bool/0/expr 249 (0,1000)] [*] 黄&晓&波
[Thu Dec 19 15:59:15.614 2013] 0.002 sec [bool/0/expr 249 (0,1000)] [*] 黄&晓&波
[Thu Dec 19 16:03:10.208 2013] 0.003 sec [bool/0/expr 249 (0,1000)] [*] 黄&晓&波
[Thu Dec 19 16:04:22.375 2013] 0.003 sec [bool/0/expr 249 (0,1000)] [*] 黄&晓&波
[Thu Dec 19 16:04:45.140 2013] 0.004 sec [bool/0/expr 249 (0,1000)] [*] 黄&晓&波
[Thu Dec 19 16:04:51.684 2013] 0.002 sec [bool/0/expr 249 (0,1000)] [*] 黄&晓&波
[Thu Dec 19 16:05:27.474 2013] 0.003 sec [bool/0/expr 2715 (0,1000)] [*] 黄
[Thu Dec 19 16:05:48.195 2013] 0.003 sec [bool/0/expr 2715 (0,1000)] [*] 黄
[Thu Dec 19 16:06:03.295 2013] 0.003 sec [bool/0/expr 2715 (0,1000)] [*] 黄
[Thu Dec 19 16:06:52.644 2013] 0.003 sec [bool/0/expr 2715 (0,1000)] [*] 黄
[Thu Dec 19 16:06:58.255 2013] 0.005 sec [bool/0/expr 2715 (0,1000)] [*] 黄
[Thu Dec 19 16:07:03.315 2013] 0.003 sec [bool/0/expr 2715 (0,1000)] [*] 黄
[Thu Dec 19 16:07:30.831 2013] 0.007 sec [bool/0/expr 1414 (0,1000)] [*] 易中天
[Thu Dec 19 16:07:53.182 2013] 0.008 sec [bool/0/expr 1414 (0,1000)] [*] 易中天
[Thu Dec 19 16:18:57.750 2013] 0.006 sec [bool/0/expr 1414 (0,1000)] [*] 易中天
[Thu Dec 19 16:19:36.719 2013] 0.006 sec [bool/0/expr 1414 (0,10)] [*] 易中天
[Thu Dec 19 16:19:59.506 2013] 0.006 sec [bool/0/expr 1414 (0,10)] [*] 易中天
[Thu Dec 19 16:22:35.863 2013] 0.007 sec [bool/0/expr 1414 (0,10)] [*] 易中天
[Thu Dec 19 16:23:25.191 2013] 0.004 sec [bool/0/expr 4 (0,10)] [*] ^易中天&
[Thu Dec 19 16:25:30.069 2013] 0.004 sec [bool/0/expr 4 (0,10)] [*] ^易中天&
[Thu Dec 19 16:25:35.290 2013] 0.004 sec [bool/0/expr 4 (0,10)] [*] ^易中天&
[Thu Dec 19 16:25:39.238 2013] 0.006 sec [bool/0/expr 4 (0,10)] [*] ^易中天&
[Thu Dec 19 16:26:03.132 2013] 0.007 sec [bool/0/expr 0 (0,10)] [*] ^易中天$
[Thu Dec 19 16:27:15.994 2013] 0.004 sec [bool/0/expr 30 (0,10)] [*] @title 易中天
[Thu Dec 19 16:28:01.651 2013] 0.006 sec [bool/0/expr 1414 (0,10)] [*] 易中天
[Thu Dec 19 16:28:22.191 2013] 0.008 sec [bool/0/expr 1414 (0,10)] [*] 易中天
[Thu Dec 19 16:28:38.672 2013] 0.006 sec [bool/0/expr 1414 (0,10)] [*] 易中天
[Thu Dec 19 16:29:00.102 2013] 0.007 sec [bool/0/expr 1414 (0,10)] [*] 易中天
[Thu Dec 19 16:29:14.537 2013] 0.007 sec [bool/0/expr 1414 (0,10)] [*] 易中天
[Thu Dec 19 16:29:37.865 2013] 0.008 sec [bool/0/expr 1414 (0,10)] [*] 易中天
[Thu Dec 19 16:29:41.688 2013] 0.008 sec [bool/0/expr 1414 (0,10)] [*] 易中天
[Thu Dec 19 16:30:10.878 2013] 0.007 sec [bool/0/expr 1414 (0,10)] [*] 易中天
[Thu Dec 19 16:30:15.605 2013] 0.006 sec [bool/0/expr 1414 (0,10)] [*] 易中天
[Thu Dec 19 16:30:28.571 2013] 0.009 sec [bool/0/expr 1414 (0,10)] [*] 易中天
[Thu Dec 19 16:31:17.911 2013] 0.009 sec [bool/0/expr 1414 (0,10)] [*] 易中天
[Thu Dec 19 16:31:23.167 2013] 0.006 sec [bool/0/expr 1414 (0,10)] [*] 易中天
[Thu Dec 19 16:31:34.985 2013] 0.006 sec [bool/0/expr 1414 (0,10)] [*] 易中天
[Thu Dec 19 16:31:53.524 2013] 0.005 sec [bool/0/rel 1414 (0,10)] [*] 易中天
[Thu Dec 19 16:32:54.018 2013] 0.006 sec [bool/0/ext 1414 (0,10)] [*] 易中天
[Thu Dec 19 16:33:23.288 2013] 0.005 sec [bool/0/rel 1414 (0,10)] [*] 易中天
[Thu Dec 19 16:33:46.289 2013] 0.005 sec [bool/0/rel 1414 (0,10)] [*] 易中天
[Thu Dec 19 16:33:49.286 2013] 0.008 sec [bool/0/rel 1414 (0,10)] [*] 易中天
[Thu Dec 19 16:34:03.432 2013] 0.007 sec [bool/0/rel 1414 (0,10)] [*] 易中天
[Thu Dec 19 16:34:06.170 2013] 0.005 sec [bool/0/rel 1414 (0,10)] [*] 易中天
[Thu Dec 19 16:35:04.283 2013] 0.005 sec [bool/0/rel 1414 (0,10)] [*] 易中天
[Thu Dec 19 16:43:37.620 2013] 0.001 sec [bool/0/rel 44 (0,10)] [mysql] apple
[Thu Dec 19 16:44:10.483 2013] 0.001 sec [all/0/rel 44 (0,10)] [mysql] apple
[Thu Dec 19 16:44:30.474 2013] 0.009 sec [all/0/rel 1414 (0,10)] [mysql] 易中天
[Thu Dec 19 16:45:19.972 2013] 0.003 sec [all/0/rel 21 (0,10)] [mysql] 北京邮电大学
[Thu Dec 19 16:46:24.461 2013] 0.003 sec [all/0/expr 21 (0,10)] [mysql] 北京邮电大学
[Thu Dec 19 16:46:43.896 2013] 0.012 sec [all/0/expr 1414 (0,10)] [mysql] 易中天
[Thu Dec 19 16:47:51.778 2013] 0.002 sec [all/0/expr 0 (0,10)] [mysql] @title 易中天
[Thu Dec 19 16:49:12.213 2013] 0.002 sec [all/0/expr 0 (0,10)] [mysql] @title 易中天
[Thu Dec 19 16:49:16.946 2013] 0.002 sec [all/0/expr 0 (0,10)] [mysql] @title 易中天
[Thu Dec 19 16:50:23.791 2013] 0.005 sec [ext2/0/rel 30 (0,10)] [mysql] @title 易中天
[Thu Dec 19 16:51:01.847 2013] 0.005 sec [ext2/0/rel 54 (0,10)] [mysql] @description 易中天
[Thu Dec 19 16:51:41.845 2013] 0.010 sec [ext2/0/rel 1414 (0,10)] [mysql]  易中天
[Thu Dec 19 16:51:57.534 2013] 0.009 sec [ext2/0/rel 1414 (0,10)] [mysql]  易中天
[Thu Dec 19 16:52:36.635 2013] 0.001 sec [ext2/0/rel 291 (0,10)] [mysql] 北京大学
[Thu Dec 19 16:52:52.532 2013] 0.001 sec [ext2/0/rel 291 (0,10)] [mysql] 北京大学
[Thu Dec 19 16:52:56.235 2013] 0.001 sec [ext2/0/rel 291 (0,10)] [mysql] 北京大学
[Thu Dec 19 16:53:06.770 2013] 0.001 sec [ext2/0/rel 291 (0,1000)] [mysql] 北京大学
[Thu Dec 19 16:53:12.170 2013] 0.001 sec [ext2/0/rel 291 (0,1000)] [mysql] 北京大学
[Thu Dec 19 16:53:17.029 2013] 0.001 sec [ext2/0/rel 291 (0,1000)] [mysql] 北京大学
[Thu Dec 19 16:53:25.226 2013] 0.001 sec [ext2/0/rel 291 (0,1000)] [mysql] 北京大学
[Thu Dec 19 16:55:00.859 2013] 0.001 sec [ext2/0/ext 291 (0,1000)] [mysql] 北京大学
[Thu Dec 19 16:55:05.027 2013] 0.001 sec [ext2/0/ext 291 (0,1000)] [mysql] 北京大学
[Thu Dec 19 16:55:13.391 2013] 0.009 sec [ext2/0/ext 1414 (0,1000)] [mysql] 易中天
[Thu Dec 19 16:55:49.735 2013] 0.011 sec [ext2/0/ext 1414 (0,1000)] [mysql] 易中天
[Thu Dec 19 16:57:25.627 2013] 0.010 sec [ext2/0/ext 1414 (0,1000)] [mysql] 易中天
[Thu Dec 19 16:57:51.396 2013] 0.010 sec [ext2/0/expr 1414 (0,1000)] [mysql] 易中天
[Thu Dec 19 16:58:12.522 2013] 0.010 sec [ext2/0/expr 1414 (0,1000)] [mysql] 易中天
[Thu Dec 19 16:58:56.506 2013] 0.011 sec [ext2/0/expr 1414 (0,1000)] [mysql] 易中天
[Thu Dec 19 16:59:25.163 2013] 0.010 sec [ext2/0/expr 1414 (0,1000)] [mysql] 易中天
[Thu Dec 19 17:09:53.987 2013] 0.010 sec [ext2/0/expr 1414 (0,1000)] [mysql] 易中天
[Thu Dec 19 17:10:03.390 2013] 0.010 sec [ext2/0/expr 1414 (0,1000)] [mysql] 易中天
[Thu Dec 19 17:10:23.475 2013] 0.015 sec [ext2/0/expr 1414 (0,1000)] [mysql] 易中天
[Thu Dec 19 17:10:27.362 2013] 0.010 sec [ext2/0/expr 1414 (0,1000)] [mysql] 易中天
[Thu Dec 19 17:10:36.366 2013] 0.011 sec [ext2/0/expr 1414 (0,1000)] [mysql] 易中天
[Thu Dec 19 17:11:56.358 2013] 0.004 sec [ext2/0/expr 30 (0,1000)] [mysql] @title 易中天
[Thu Dec 19 17:11:59.868 2013] 0.004 sec [ext2/0/expr 30 (0,1000)] [mysql] @title 易中天
[Thu Dec 19 17:13:02.822 2013] 0.006 sec [ext2/0/expr 0 (0,1000)] [mysql] ^易中天$
[Thu Dec 19 17:13:07.940 2013] 0.006 sec [ext2/0/expr 0 (0,1000)] [mysql] ^易中天$
[Thu Dec 19 17:17:36.458 2013] 0.009 sec [all/0/expr 0 (0,1000)] [mysql] ^易中天$
[Thu Dec 19 17:17:59.049 2013] 0.013 sec [ext2/0/expr 1414 (0,1000)] [mysql] 易中天
[Thu Dec 19 17:18:12.593 2013] 0.008 sec [ext2/0/expr 0 (0,1000)] [mysql] ^易中天$
[Thu Dec 19 17:18:27.513 2013] 0.001 sec [all/0/expr 0 (0,1000)] [mysql] ^Apple$
[Thu Dec 19 17:18:33.430 2013] 0.001 sec [all/0/expr 44 (0,1000)] [mysql] Apple
[Thu Dec 19 17:18:38.578 2013] 0.001 sec [all/0/expr 44 (0,1000)] [mysql] Apple
[Thu Dec 19 17:18:50.720 2013] 0.000 sec [all/0/expr 44 (0,1000)] [mysql] Apple
[Thu Dec 19 17:19:03.778 2013] 0.001 sec [all/0/expr 44 (0,1000)] [mysql] apple
[Thu Dec 19 17:19:49.678 2013] 0.001 sec [all/0/expr 44 (0,1000)] [mysql] apple
[Thu Dec 19 17:21:42.008 2013] 0.001 sec [all/0/expr 44 (0,1000)] [mysql] apple
[Thu Dec 19 17:22:06.343 2013] 0.011 sec [all/0/expr 1414 (0,1000)] [mysql] 易中天
[Thu Dec 19 17:22:24.884 2013] 0.011 sec [ext2/0/expr 1414 (0,1000)] [mysql] 易中天
[Thu Dec 19 17:22:52.143 2013] 0.014 sec [all/0/expr 1414 (0,1000)] [mysql] 易中天
[Thu Dec 19 17:23:11.320 2013] 0.011 sec [all/0/expr 1414 (0,1000)] [mysql] 易中天
[Thu Dec 19 17:23:43.683 2013] 0.013 sec [all/0/expr 1414 (0,1000)] [mysql] 易中天
[Thu Dec 19 17:24:10.392 2013] 0.011 sec [all/0/expr 1414 (0,1000)] [mysql] 易中天
[Thu Dec 19 17:24:46.914 2013] 0.013 sec [all/0/expr 1414 (0,1000)] [mysql] 易中天
[Thu Dec 19 17:25:00.838 2013] 0.014 sec [all/0/expr 1414 (0,1000)] [mysql] 易中天
[Thu Dec 19 17:25:46.208 2013] 0.013 sec [all/0/expr 1414 (0,1000)] [mysql] 易中天
[Thu Dec 19 17:27:21.113 2013] 0.010 sec [all/0/expr 1414 (0,1000)] [mysql] 易中天
[Thu Dec 19 17:27:49.119 2013] 0.011 sec [all/0/expr 1414 (0,1000)] [mysql] 易中天
[Thu Dec 19 17:32:21.161 2013] 0.011 sec [all/0/expr 1414 (0,1000)] [mysql] 易中天
[Thu Dec 19 17:32:25.975 2013] 0.010 sec [all/0/expr 1414 (0,1000)] [mysql] 易中天
[Thu Dec 19 17:32:29.450 2013] 0.010 sec [ext2/0/expr 1414 (0,1000)] [mysql] 易中天
[Thu Dec 19 17:32:35.056 2013] 0.010 sec [ext2/0/expr 1414 (0,1000)] [mysql] 易中天
[Thu Dec 19 17:59:12.892 2013] 0.014 sec [ext2/0/expr 1414 (0,1000)] [mysql] 易中天
[Thu Dec 19 17:59:20.115 2013] 0.012 sec [ext2/0/expr 1414 (0,1000)] [mysql] 易中天
[Thu Dec 19 18:01:44.762 2013] 0.011 sec [ext2/0/expr 1414 (0,1000)] [mysql] 易中天
[Thu Dec 19 18:02:04.381 2013] 0.010 sec [ext2/0/expr 1414 (0,1000)] [mysql] 易中天
[Thu Dec 19 18:02:36.531 2013] 0.009 sec [ext2/0/expr 1414 (0,1000)] [mysql] 易中天
[Thu Dec 19 18:02:41.589 2013] 0.010 sec [all/0/expr 1414 (0,1000)] [mysql] 易中天
[Thu Dec 19 18:02:46.303 2013] 0.010 sec [ext2/0/expr 1414 (0,1000)] [mysql] 易中天
[Thu Dec 19 18:03:04.226 2013] 0.010 sec [all/0/expr 1414 (0,1000)] [mysql] 易中天
[Thu Dec 19 18:03:11.814 2013] 0.010 sec [ext2/0/expr 1414 (0,1000)] [mysql] 易中天
[Thu Dec 19 18:03:24.122 2013] 0.011 sec [ext2/0/expr 1414 (0,1000)] [mysql] 易中天
[Thu Dec 19 18:03:34.458 2013] 0.010 sec [all/0/expr 1414 (0,1000)] [mysql] 易中天
[Thu Dec 19 18:03:39.614 2013] 0.010 sec [all/0/expr 1414 (0,1000)] [mysql] 易中天
[Thu Dec 19 18:03:44.277 2013] 0.010 sec [ext2/0/expr 1414 (0,1000)] [mysql] 易中天
[Thu Dec 19 18:03:50.628 2013] 0.010 sec [all/0/expr 1414 (0,1000)] [mysql] 易中天
[Thu Dec 19 18:03:58.240 2013] 0.010 sec [ext2/0/expr 1414 (0,1000)] [mysql] 易中天
[Thu Dec 19 18:04:00.550 2013] 0.011 sec [ext2/0/expr 1414 (0,1000)] [mysql] 易中天
[Thu Dec 19 18:04:04.410 2013] 0.010 sec [all/0/expr 1414 (0,1000)] [mysql] 易中天
[Thu Dec 19 18:04:08.047 2013] 0.010 sec [all/0/expr 1414 (0,1000)] [mysql] 易中天
[Thu Dec 19 18:04:16.934 2013] 0.009 sec [all/0/expr 1414 (0,1000)] [mysql] 易中天
[Thu Dec 19 18:04:20.042 2013] 0.011 sec [all/0/expr 1414 (0,1000)] [mysql] 易中天
[Thu Dec 19 18:05:25.454 2013] 0.010 sec [all/0/expr 1414 (0,1000)] [mysql] 易中天
[Thu Dec 19 18:05:28.737 2013] 0.010 sec [all/0/expr 1414 (0,1000)] [mysql] 易中天
[Thu Dec 19 18:05:31.983 2013] 0.013 sec [ext2/0/expr 1414 (0,1000)] [mysql] 易中天
[Thu Dec 19 18:05:34.911 2013] 0.010 sec [ext2/0/expr 1414 (0,1000)] [mysql] 易中天
[Thu Dec 19 18:05:41.106 2013] 0.012 sec [ext2/0/expr 1414 (0,1000)] [mysql] 易中天
[Thu Dec 19 22:22:31.508 2013] 0.160 sec [all/0/expr 1 (0,1000)] [mysql] bh
[Thu Dec 19 22:23:01.218 2013] 0.020 sec [all/0/expr 8179 (0,1000)] [mysql] 北京
[Thu Dec 19 22:24:43.429 2013] 0.013 sec [all/0/expr 8179 (0,1000)] [mysql] 北京
[Thu Dec 19 22:37:58.817 2013] 0.012 sec [all/0/expr 8179 (0,1000)] [mysql] 北京
[Thu Dec 19 22:55:58.347 2013] 0.009 sec [all/0/expr 8179 (0,1000)] [mysql] 北京
[Thu Dec 19 22:56:43.272 2013] 0.006 sec [all/0/expr 8179 (0,1000)] [mysql] 北京
[Thu Dec 19 23:01:00.772 2013] 0.008 sec [all/0/expr 8179 (0,1000)] [mysql] 北京
[Fri Dec 20 00:35:16.532 2013] 0.007 sec [all/0/expr 8179 (0,1000)] [mysql] 北京
[Fri Dec 20 00:36:06.897 2013] 0.006 sec [all/0/expr 8179 (0,1000)] [mysql] 北京
[Fri Dec 20 00:36:30.320 2013] 0.023 sec [all/0/expr 1414 (0,1000)] [mysql] 易中天
[Fri Dec 20 00:36:49.867 2013] 0.010 sec [all/0/expr 1414 (0,1000)] [mysql] 易中天
[Fri Dec 20 00:38:44.800 2013] 0.023 sec [all/0/expr 291 (0,1000)] [mysql] 北京大学
[Fri Dec 20 00:40:44.403 2013] 0.037 sec [ext2/0/expr 6484 (0,1000)] [mysql] 北京 -大学
[Fri Dec 20 00:41:16.553 2013] 0.138 sec [ext2/0/expr 1 (0,1000)] [mysql] 新浪 -博客
[Fri Dec 20 00:42:35.797 2013] 0.028 sec [ext2/0/expr 0 (0,1000)] [mysql] 视频 -新浪
[Fri Dec 20 00:43:12.196 2013] 0.041 sec [ext2/0/expr 1912 (0,1000)] [mysql] 视频 -体育
[Fri Dec 20 00:44:42.034 2013] 0.001 sec [ext2/0/expr 16 (0,1000)] [mysql] @title 体育
[Fri Dec 20 11:56:31.126 2013] 0.170 sec [all/0/expr 291 (0,1000)] [mysql] 北京大学
[Fri Dec 20 12:03:37.139 2013] 0.001 sec [all/0/expr 291 (0,1000)] [mysql] 北京大学
[Fri Dec 20 12:04:03.987 2013] 0.001 sec [all/0/expr 291 (0,1000)] [mysql] 北京大学
[Fri Dec 20 12:04:30.927 2013] 0.001 sec [all/0/expr 291 (0,1000)] [mysql] 北京大学
[Fri Dec 20 12:05:44.665 2013] 0.102 sec [all/0/expr 21 (0,1000)] [mysql] 北京邮电大学
[Fri Dec 20 12:06:06.103 2013] 0.003 sec [ext2/0/expr 21 (0,1000)] [mysql] 北京邮电大学
[Fri Dec 20 12:06:26.956 2013] 0.003 sec [ext2/0/expr 21 (0,1000)] [mysql] 北京邮电大学
[Fri Dec 20 12:07:12.249 2013] 0.017 sec [all/0/expr 7 (0,1000)] [mysql] 北京大学邮电
[Fri Dec 20 12:07:44.058 2013] 0.002 sec [ext2/0/expr 459 (0,1000)] [mysql] @title 北京
[Fri Dec 20 12:08:19.322 2013] 0.033 sec [ext2/0/expr 805 (0,1000)] [mysql] 女孩 -北京
[Fri Dec 20 12:09:27.576 2013] 0.004 sec [ext2/0/expr 805 (0,1000)] [mysql] 女孩 -北京
[Fri Dec 20 12:09:31.038 2013] 0.006 sec [ext2/0/expr 805 (0,1000)] [mysql] 女孩 -北京
[Fri Dec 20 12:11:06.823 2013] 0.148 sec [ext2/0/expr 1414 (0,1000)] [mysql] 易中天
[Fri Dec 20 12:23:53.627 2013] 0.006 sec [all/0/expr 8179 (0,1000)] [mysql] 北京
[Fri Dec 20 12:24:16.797 2013] 0.006 sec [all/0/expr 8179 (0,1000)] [mysql] 北京
[Fri Dec 20 12:27:26.074 2013] 0.006 sec [all/0/expr 8179 (0,1000)] [mysql] 北京
[Fri Dec 20 12:27:56.896 2013] 0.001 sec [all/0/expr 291 (0,1000)] [mysql] 北京大学
[Fri Dec 20 12:28:03.069 2013] 0.001 sec [all/0/expr 291 (0,1000)] [mysql] 北京大学
[Fri Dec 20 12:29:20.230 2013] 0.001 sec [all/0/expr 291 (0,1000)] [mysql] 北京大学
[Fri Dec 20 12:29:25.346 2013] 0.001 sec [all/0/expr 291 (0,1000)] [mysql] 北京大学
[Fri Dec 20 12:29:30.835 2013] 0.002 sec [all/0/expr 291 (0,1000)] [mysql] 北京大学
[Fri Dec 20 12:29:35.778 2013] 0.001 sec [all/0/expr 291 (0,1000)] [mysql] 北京大学
[Fri Dec 20 12:30:10.269 2013] 0.002 sec [all/0/expr 291 (0,1000)] [mysql] 北京大学
[Fri Dec 20 12:30:14.594 2013] 0.001 sec [all/0/expr 291 (0,1000)] [mysql] 北京大学
[Fri Dec 20 12:30:19.047 2013] 0.001 sec [all/0/expr 291 (0,1000)] [mysql] 北京大学
[Fri Dec 20 12:30:44.926 2013] 0.001 sec [all/0/expr 291 (0,1000)] [mysql] 北京大学
[Fri Dec 20 12:30:48.295 2013] 0.001 sec [all/0/expr 291 (0,1000)] [mysql] 北京大学
[Fri Dec 20 12:30:54.919 2013] 0.001 sec [all/0/expr 291 (0,1000)] [mysql] 北京大学
[Fri Dec 20 12:31:33.490 2013] 0.002 sec [ext2/0/expr 291 (0,1000)] [mysql] 北京大学
[Fri Dec 20 12:31:39.097 2013] 0.002 sec [ext2/0/expr 291 (0,1000)] [mysql] 北京大学
[Fri Dec 20 12:31:42.543 2013] 0.001 sec [ext2/0/expr 291 (0,1000)] [mysql] 北京大学
[Fri Dec 20 12:31:45.685 2013] 0.001 sec [ext2/0/expr 291 (0,1000)] [mysql] 北京大学
[Fri Dec 20 12:31:48.565 2013] 0.001 sec [ext2/0/expr 291 (0,1000)] [mysql] 北京大学
[Fri Dec 20 12:31:51.270 2013] 0.001 sec [ext2/0/expr 291 (0,1000)] [mysql] 北京大学
[Fri Dec 20 12:31:53.994 2013] 0.001 sec [ext2/0/expr 291 (0,1000)] [mysql] 北京大学
[Fri Dec 20 12:31:57.245 2013] 0.002 sec [ext2/0/expr 291 (0,1000)] [mysql] 北京大学
[Fri Dec 20 12:32:06.849 2013] 0.002 sec [ext2/0/expr 291 (0,1000)] [mysql] 北京大学
[Fri Dec 20 12:32:10.177 2013] 0.002 sec [ext2/0/expr 291 (0,1000)] [mysql] 北京大学
[Fri Dec 20 12:32:14.169 2013] 0.002 sec [all/0/expr 291 (0,1000)] [mysql] 北京大学
[Fri Dec 20 12:32:48.734 2013] 0.002 sec [all/0/expr 291 (0,1000)] [mysql] 北京大学
[Fri Dec 20 12:32:57.828 2013] 0.001 sec [all/0/expr 291 (0,1000)] [mysql] 北京大学
[Fri Dec 20 12:34:03.243 2013] 0.001 sec [all/0/expr 291 (0,1000)] [mysql] 北京大学
[Fri Dec 20 12:34:09.103 2013] 0.001 sec [all/0/expr 291 (0,1000)] [mysql] 北京大学
[Fri Dec 20 12:34:12.908 2013] 0.001 sec [ext2/0/expr 291 (0,1000)] [mysql] 北京大学
[Fri Dec 20 12:34:35.804 2013] 0.001 sec [ext2/0/expr 291 (0,1000)] [mysql] 北京大学
[Fri Dec 20 12:35:00.579 2013] 0.015 sec [all/0/expr 1414 (0,1000)] [mysql] 易中天
[Fri Dec 20 12:35:05.945 2013] 0.010 sec [ext2/0/expr 1414 (0,1000)] [mysql] 易中天
[Fri Dec 20 12:36:41.876 2013] 0.013 sec [all/0/expr 1414 (0,1000)] [mysql] 易中天
[Fri Dec 20 12:36:45.178 2013] 0.014 sec [all/0/expr 1414 (0,1000)] [mysql] 易中天
[Fri Dec 20 12:36:48.090 2013] 0.010 sec [ext2/0/expr 1414 (0,1000)] [mysql] 易中天
[Fri Dec 20 12:36:52.147 2013] 0.010 sec [all/0/expr 1414 (0,1000)] [mysql] 易中天
[Fri Dec 20 12:37:09.459 2013] 0.010 sec [all/0/expr 1414 (0,1000)] [mysql] 易中天
[Fri Dec 20 12:37:12.521 2013] 0.010 sec [ext2/0/expr 1414 (0,1000)] [mysql] 易中天
[Fri Dec 20 12:37:16.193 2013] 0.010 sec [all/0/expr 1414 (0,1000)] [mysql] 易中天
[Fri Dec 20 12:37:29.718 2013] 0.011 sec [all/0/expr 1414 (0,1000)] [mysql] 易中天
[Fri Dec 20 12:37:33.027 2013] 0.013 sec [ext2/0/expr 1414 (0,1000)] [mysql] 易中天
[Fri Dec 20 12:37:35.886 2013] 0.010 sec [all/0/expr 1414 (0,1000)] [mysql] 易中天
[Fri Dec 20 12:37:55.464 2013] 0.008 sec [phr/0/expr 180 (0,1000)] [mysql] 易中天
[Fri Dec 20 12:37:58.529 2013] 0.010 sec [ext2/0/expr 1414 (0,1000)] [mysql] 易中天
[Fri Dec 20 12:38:02.056 2013] 0.008 sec [phr/0/expr 180 (0,1000)] [mysql] 易中天
[Fri Dec 20 12:42:15.996 2013] 0.012 sec [ext2/0/expr 8179 (0,1000)] [mysql] 北京
[Fri Dec 20 12:42:22.271 2013] 0.006 sec [all/0/expr 8179 (0,1000)] [mysql] 北京
[Fri Dec 20 12:42:42.248 2013] 0.007 sec [all/0/expr 8179 (0,1000)] [mysql] 北京
[Fri Dec 20 12:42:55.432 2013] 0.092 sec [all/0/expr 44 (0,1000)] [mysql] Apple & 新浪
[Fri Dec 20 12:43:02.856 2013] 0.006 sec [all/0/expr 44 (0,1000)] [mysql] Apple & 新浪
[Fri Dec 20 12:43:21.901 2013] 0.007 sec [all/0/expr 44 (0,1000)] [mysql] Apple -新浪
[Fri Dec 20 12:43:32.316 2013] 0.001 sec [all/0/expr 44 (0,1000)] [mysql] Apple
[Fri Dec 20 12:43:37.140 2013] 0.001 sec [ext2/0/expr 44 (0,1000)] [mysql] Apple
[Fri Dec 20 12:43:45.458 2013] 0.005 sec [ext2/0/expr 0 (0,1000)] [mysql] Apple -新浪
[Fri Dec 20 12:43:49.568 2013] 0.005 sec [ext2/0/expr 0 (0,1000)] [mysql] Apple -新浪
[Fri Dec 20 12:43:52.470 2013] 0.006 sec [all/0/expr 44 (0,1000)] [mysql] Apple -新浪
[Fri Dec 20 12:44:17.783 2013] 0.088 sec [all/0/expr 186 (0,1000)] [mysql] 广告 & 导报
[Fri Dec 20 12:44:44.323 2013] 0.004 sec [all/0/expr 186 (0,1000)] [mysql] 广告 & 导报
[Fri Dec 20 12:44:46.726 2013] 0.004 sec [all/0/expr 186 (0,1000)] [mysql] 广告 & 导报
[Fri Dec 20 12:44:50.609 2013] 0.004 sec [ext2/0/expr 186 (0,1000)] [mysql] 广告 & 导报
[Fri Dec 20 12:44:58.883 2013] 0.013 sec [ext2/0/expr 17116 (0,1000)] [mysql] 广告 -导报
[Fri Dec 20 12:45:06.599 2013] 0.004 sec [all/0/expr 186 (0,1000)] [mysql] 广告 -导报
[Fri Dec 20 12:45:35.358 2013] 0.003 sec [phr/0/expr 46 (0,1000)] [mysql] 广告 -导报
[Fri Dec 20 12:45:37.679 2013] 0.004 sec [phr/0/expr 46 (0,1000)] [mysql] 广告 -导报
[Fri Dec 20 12:45:41.165 2013] 0.004 sec [phr/0/expr 46 (0,1000)] [mysql] 广告  导报
[Fri Dec 20 12:45:44.384 2013] 0.004 sec [phr/0/expr 46 (0,1000)] [mysql] 广告  导报
[Fri Dec 20 12:46:06.864 2013] 0.006 sec [ext2/0/expr 186 (0,1000)] [mysql] 广告 导报
[Fri Dec 20 12:46:27.919 2013] 0.004 sec [ext2/0/expr 186 (0,1000)] [mysql] 广告 导报
[Fri Dec 20 12:46:30.362 2013] 0.004 sec [all/0/expr 186 (0,1000)] [mysql] 广告 导报
[Fri Dec 20 12:46:34.580 2013] 0.004 sec [all/0/expr 186 (0,1000)] [mysql] 广告 -导报
[Fri Dec 20 12:46:37.439 2013] 0.003 sec [all/0/expr 186 (0,1000)] [mysql] 广告 -导报
[Fri Dec 20 12:46:41.656 2013] 0.003 sec [all/0/expr 186 (0,1000)] [mysql] 广告 & 导报
[Fri Dec 20 12:53:35.496 2013] 0.001 sec [all/0/expr 291 (0,1000)] [mysql] 北京大学
[Fri Dec 20 12:53:44.005 2013] 0.001 sec [all/0/expr 291 (0,1000)] [mysql] 北京大学
[Fri Dec 20 12:54:29.773 2013] 0.001 sec [ext2/0/expr 291 (0,1000)] [mysql] 北京大学
[Fri Dec 20 12:54:47.346 2013] 0.001 sec [ext2/0/expr 291 (0,1000)] [mysql] 北京大学
[Fri Dec 20 12:54:53.753 2013] 0.002 sec [ext2/0/expr 291 (0,1000)] [mysql] 北京大学
[Fri Dec 20 12:55:13.253 2013] 0.012 sec [ext2/0/expr 17302 (0,1000)] [mysql] 广告
[Fri Dec 20 12:55:17.962 2013] 0.010 sec [ext2/0/expr 17302 (0,1000)] [mysql] 广告
[Fri Dec 20 13:40:35.270 2013] 0.009 sec [all/0/expr 17302 (0,1000)] [mysql] 广告
[Fri Dec 20 13:40:39.421 2013] 0.009 sec [all/0/expr 17302 (0,1000)] [mysql] 广告
[Fri Dec 20 13:41:11.391 2013] 0.009 sec [all/0/expr 17302 (0,1000)] [mysql] 广告
[Fri Dec 20 14:15:29.730 2013] 0.009 sec [all/0/expr 17302 (0,1000)] [mysql] 广告
[Fri Dec 20 14:17:45.433 2013] 0.009 sec [all/0/expr 17302 (0,1000)] [mysql] 广告
[Fri Dec 20 14:18:34.790 2013] 0.006 sec [all/0/expr 8179 (0,1000)] [mysql] 北京
[Fri Dec 20 14:18:37.103 2013] 0.006 sec [all/0/expr 8179 (0,1000)] [mysql] 北京
[Fri Dec 20 14:25:12.049 2013] 0.006 sec [all/0/expr 8179 (0,1000)] [mysql] 北京
[Fri Dec 20 14:25:19.643 2013] 0.006 sec [all/0/expr 8179 (0,1000)] [mysql] 北京
