[Wed Dec 18 12:02:46.883 2013] [ 4964] accepting connections
[Wed Dec 18 17:24:01.584 2013] [ 4964] shutdown complete
[Wed Dec 18 17:41:34.194 2013] [ 6468] accepting connections
[Wed Dec 18 23:05:23.721 2013] [ 2176] accepting connections
[Thu Dec 19 00:14:06.920 2013] [ 2084] accepting connections
[Thu Dec 19 09:36:50.057 2013] [ 2144] accepting connections
[Thu Dec 19 09:46:33.761 2013] [ 2060] accepting connections
[Thu Dec 19 13:02:24.476 2013] [ 2060] shutdown complete
[Thu Dec 19 13:02:28.325 2013] [  656] accepting connections
[Thu Dec 19 13:28:01.655 2013] [  656] shutdown complete
[Thu Dec 19 13:34:07.060 2013] [ 1300] accepting connections
[Thu Dec 19 14:35:41.921 2013] [ 1300] shutdown complete
[Thu Dec 19 15:36:18.661 2013] [ 6344] accepting connections
[Thu Dec 19 18:15:32.884 2013] [ 2200] accepting connections
[Thu Dec 19 19:01:28.824 2013] [ 2200] accepting connections
[Thu Dec 19 21:48:02.383 2013] [ 2176] accepting connections
[Thu Dec 19 22:23:27.060 2013] [ 2176] shutdown complete
[Thu Dec 19 22:23:29.034 2013] [ 6356] accepting connections
[Thu Dec 19 22:34:31.811 2013] [ 6356] shutdown complete
[Thu Dec 19 22:34:33.287 2013] [  208] accepting connections
[Fri Dec 20 00:56:22.713 2013] [ 2080] accepting connections
[Fri Dec 20 10:04:19.115 2013] [ 2108] accepting connections
[Fri Dec 20 12:42:10.184 2013] [ 3724] accepting connections
